Drill report for C:\Users\Gert\Documents\KiCad\Askob\HomeAutomation\LoftRelayRound\loftrelayRound.kicad_pcb
Created on 19/01/2020 23:28:40

Copper Layer Stackup:
    =============================================================
    L1 :  F.Cu                      front
    L2 :  B.Cu                      back


Drill file 'loftrelayRound-PTH.drl' contains
    plated through holes:
    =============================================================
    T1  0.40mm  0.016"  (16 holes)
    T2  0.76mm  0.030"  (4 holes)
    T3  0.80mm  0.031"  (4 holes)
    T4  1.00mm  0.039"  (6 holes)
    T5  1.20mm  0.047"  (5 holes)
    T6  1.30mm  0.051"  (2 holes)

    Total plated holes count 37


Drill file 'loftrelayRound-NPTH.drl' contains
    unplated through holes:
    =============================================================
    T1  1.30mm  0.051"  (2 holes)

    Total unplated holes count 2
